<?xml version="1.0" encoding="UTF-8"?>
<!-- Generated by org.testng.reporters.JUnitReportReporter -->
<testsuite skipped="0" hostname="LT0021232" name="com.ril.feedzai.testScript.FeedzaiAMMerchantSearch" tests="2" failures="0" timestamp="06 Aug 2018 12:30:53 GMT" time="50.932" errors="0">
  <testcase name="EnterMerchantNo" time="28.148" classname="com.ril.feedzai.testScript.FeedzaiAMMerchantSearch"/>
  <testcase name="EnterMerchantMID" time="22.784" classname="com.ril.feedzai.testScript.FeedzaiAMMerchantSearch"/>
</testsuite> <!-- com.ril.feedzai.testScript.FeedzaiAMMerchantSearch -->
