<?xml version="1.0" encoding="UTF-8"?>
<!-- Generated by org.testng.reporters.JUnitReportReporter -->
<testsuite skipped="4" hostname="LT0021232" name="com.ril.feedzai.testScript.FeedzaiPulseHomePage" tests="4" failures="0" timestamp="06 Aug 2018 12:30:53 GMT" time="0.000" errors="0">
  <testcase name="Healthcheck" time="0.000" classname="com.ril.feedzai.testScript.FeedzaiPulseHomePage">
    <skipped/>
  </testcase> <!-- Healthcheck -->
  <testcase name="PulseVersion" time="0.000" classname="com.ril.feedzai.testScript.FeedzaiPulseHomePage">
    <skipped/>
  </testcase> <!-- PulseVersion -->
  <testcase name="DistributionJob" time="0.000" classname="com.ril.feedzai.testScript.FeedzaiPulseHomePage">
    <skipped/>
  </testcase> <!-- DistributionJob -->
  <testcase name="EnableTimeMachine" time="0.000" classname="com.ril.feedzai.testScript.FeedzaiPulseHomePage">
    <skipped/>
  </testcase> <!-- EnableTimeMachine -->
</testsuite> <!-- com.ril.feedzai.testScript.FeedzaiPulseHomePage -->
