<?xml version="1.0" encoding="UTF-8"?>
<!-- Generated by org.testng.reporters.JUnitReportReporter -->
<testsuite skipped="0" hostname="LT0021232" name="com.ril.feedzai.testScript.FeedzaiAMViewAlert" tests="1" failures="0" timestamp="03 Sep 2018 09:47:17 GMT" time="27.544" errors="0">
  <testcase name="MarkAlertNotFraud" time="27.544" classname="com.ril.feedzai.testScript.FeedzaiAMViewAlert"/>
</testsuite> <!-- com.ril.feedzai.testScript.FeedzaiAMViewAlert -->
