<?xml version="1.0" encoding="UTF-8"?>
<!-- Generated by org.testng.reporters.JUnitReportReporter -->
<testsuite skipped="4" hostname="LT0021232" name="com.ril.feedzai.testScript.AM_MPP_TranDetails" tests="4" failures="0" timestamp="06 Aug 2018 12:30:53 GMT" time="0.000" errors="0">
  <testcase name="MPP_Tran_Data" time="0.000" classname="com.ril.feedzai.testScript.AM_MPP_TranDetails">
    <skipped/>
  </testcase> <!-- MPP_Tran_Data -->
  <testcase name="MPP_Customer_dt" time="0.000" classname="com.ril.feedzai.testScript.AM_MPP_TranDetails">
    <skipped/>
  </testcase> <!-- MPP_Customer_dt -->
  <testcase name="MPP_Card_dt" time="0.000" classname="com.ril.feedzai.testScript.AM_MPP_TranDetails">
    <skipped/>
  </testcase> <!-- MPP_Card_dt -->
  <testcase name="MPP_transaction_dt" time="0.000" classname="com.ril.feedzai.testScript.AM_MPP_TranDetails">
    <skipped/>
  </testcase> <!-- MPP_transaction_dt -->
</testsuite> <!-- com.ril.feedzai.testScript.AM_MPP_TranDetails -->
