<?xml version="1.0" encoding="UTF-8"?>
<!-- Generated by org.testng.reporters.JUnitReportReporter -->
<testsuite skipped="4" hostname="LT0021232" name="com.ril.feedzai.testScript.AM_P2M_TranDetails" tests="4" failures="0" timestamp="06 Aug 2018 12:30:53 GMT" time="0.000" errors="0">
  <testcase name="P2M_Tran_Data" time="0.000" classname="com.ril.feedzai.testScript.AM_P2M_TranDetails">
    <skipped/>
  </testcase> <!-- P2M_Tran_Data -->
  <testcase name="P2M_Customer_Data" time="0.000" classname="com.ril.feedzai.testScript.AM_P2M_TranDetails">
    <skipped/>
  </testcase> <!-- P2M_Customer_Data -->
  <testcase name="P2M_cust_app_id" time="0.000" classname="com.ril.feedzai.testScript.AM_P2M_TranDetails">
    <skipped/>
  </testcase> <!-- P2M_cust_app_id -->
  <testcase name="P2M_merchant_app_id" time="0.000" classname="com.ril.feedzai.testScript.AM_P2M_TranDetails">
    <skipped/>
  </testcase> <!-- P2M_merchant_app_id -->
</testsuite> <!-- com.ril.feedzai.testScript.AM_P2M_TranDetails -->
