<?xml version="1.0" encoding="UTF-8"?>
<!-- Generated by org.testng.reporters.JUnitReportReporter -->
<testsuite skipped="3" hostname="LT0021232" name="com.ril.feedzai.testScript.HoldandRelease" tests="3" failures="0" timestamp="06 Aug 2018 12:30:53 GMT" time="0.000" errors="0">
  <testcase name="viewTransaction" time="0.000" classname="com.ril.feedzai.testScript.HoldandRelease">
    <skipped/>
  </testcase> <!-- viewTransaction -->
  <testcase name="markSuspicious" time="0.000" classname="com.ril.feedzai.testScript.HoldandRelease">
    <skipped/>
  </testcase> <!-- markSuspicious -->
  <testcase name="markAsNotFraud" time="0.000" classname="com.ril.feedzai.testScript.HoldandRelease">
    <skipped/>
  </testcase> <!-- markAsNotFraud -->
</testsuite> <!-- com.ril.feedzai.testScript.HoldandRelease -->
