<?xml version="1.0" encoding="UTF-8"?>
<!-- Generated by org.testng.reporters.JUnitReportReporter -->
<testsuite skipped="0" hostname="LT0021232" name="com.ril.feedzai.testScript.AlertManagerCustomerScreen" tests="10" failures="0" timestamp="06 Aug 2018 12:30:53 GMT" time="65.496" errors="0">
  <testcase name="custMobNumSearch" time="26.956" classname="com.ril.feedzai.testScript.AlertManagerCustomerScreen"/>
  <testcase name="custIdSearch" time="35.880" classname="com.ril.feedzai.testScript.AlertManagerCustomerScreen"/>
  <testcase name="custNameValidate" time="0.776" classname="com.ril.feedzai.testScript.AlertManagerCustomerScreen"/>
  <testcase name="custIDValidate" time="0.237" classname="com.ril.feedzai.testScript.AlertManagerCustomerScreen"/>
  <testcase name="custAccNumValidate" time="0.135" classname="com.ril.feedzai.testScript.AlertManagerCustomerScreen"/>
  <testcase name="custKycValidate" time="0.125" classname="com.ril.feedzai.testScript.AlertManagerCustomerScreen"/>
  <testcase name="custStatusValidate" time="0.159" classname="com.ril.feedzai.testScript.AlertManagerCustomerScreen"/>
  <testcase name="custAppIDValidate" time="1.008" classname="com.ril.feedzai.testScript.AlertManagerCustomerScreen"/>
  <testcase name="custTransStatisticsValidate" time="0.111" classname="com.ril.feedzai.testScript.AlertManagerCustomerScreen"/>
  <testcase name="custMerchStatisticsValidate" time="0.109" classname="com.ril.feedzai.testScript.AlertManagerCustomerScreen"/>
</testsuite> <!-- com.ril.feedzai.testScript.AlertManagerCustomerScreen -->
