<?xml version="1.0" encoding="UTF-8"?>
<!-- Generated by org.testng.reporters.JUnitReportReporter -->
<testsuite skipped="4" hostname="LT0021232" name="com.ril.feedzai.testScript.AM_IBW_TranDetails" tests="4" failures="0" timestamp="06 Aug 2018 12:30:53 GMT" time="0.000" errors="0">
  <testcase name="P2M_Tran_Data" time="0.000" classname="com.ril.feedzai.testScript.AM_IBW_TranDetails">
    <skipped/>
  </testcase> <!-- P2M_Tran_Data -->
  <testcase name="IBW_Customer_Details" time="0.000" classname="com.ril.feedzai.testScript.AM_IBW_TranDetails">
    <skipped/>
  </testcase> <!-- IBW_Customer_Details -->
  <testcase name="IBW_Payment_Details" time="0.000" classname="com.ril.feedzai.testScript.AM_IBW_TranDetails">
    <skipped/>
  </testcase> <!-- IBW_Payment_Details -->
  <testcase name="IBW_transaction_Details" time="0.000" classname="com.ril.feedzai.testScript.AM_IBW_TranDetails">
    <skipped/>
  </testcase> <!-- IBW_transaction_Details -->
</testsuite> <!-- com.ril.feedzai.testScript.AM_IBW_TranDetails -->
