<?xml version="1.0" encoding="UTF-8"?>
<!-- Generated by org.testng.reporters.JUnitReportReporter -->
<testsuite skipped="0" hostname="LT0021232" name="com.ril.feedzai.testScript.FeedzaiAMReports" tests="1" failures="0" timestamp="06 Aug 2018 12:30:53 GMT" time="6.935" errors="0">
  <testcase name="Report" time="6.935" classname="com.ril.feedzai.testScript.FeedzaiAMReports"/>
</testsuite> <!-- com.ril.feedzai.testScript.FeedzaiAMReports -->
