<?xml version="1.0" encoding="UTF-8"?>
<!-- Generated by org.testng.reporters.JUnitReportReporter -->
<testsuite skipped="4" hostname="LT0021232" name="com.ril.feedzai.testScript.JPB_Advance_Search" tests="4" failures="0" timestamp="06 Aug 2018 12:30:53 GMT" time="0.000" errors="0">
  <testcase name="Sender_pan" time="0.000" classname="com.ril.feedzai.testScript.JPB_Advance_Search">
    <skipped/>
  </testcase> <!-- Sender_pan -->
  <testcase name="Beneficiary_pan" time="0.000" classname="com.ril.feedzai.testScript.JPB_Advance_Search">
    <skipped/>
  </testcase> <!-- Beneficiary_pan -->
  <testcase name="Sender_MMID" time="0.000" classname="com.ril.feedzai.testScript.JPB_Advance_Search">
    <skipped/>
  </testcase> <!-- Sender_MMID -->
  <testcase name="Beneficiary_MMID" time="0.000" classname="com.ril.feedzai.testScript.JPB_Advance_Search">
    <skipped/>
  </testcase> <!-- Beneficiary_MMID -->
</testsuite> <!-- com.ril.feedzai.testScript.JPB_Advance_Search -->
