<?xml version="1.0" encoding="UTF-8"?>
<!-- Generated by org.testng.reporters.JUnitReportReporter -->
<testsuite skipped="0" hostname="LT0021232" name="com.ril.feedzai.testScript.FeedzaiAMVerifyAlertInQueue" tests="1" failures="0" timestamp="06 Aug 2018 12:30:53 GMT" time="29.398" errors="0">
  <testcase name="ClickOnSettings" time="29.398" classname="com.ril.feedzai.testScript.FeedzaiAMVerifyAlertInQueue"/>
</testsuite> <!-- com.ril.feedzai.testScript.FeedzaiAMVerifyAlertInQueue -->
