<?xml version="1.0" encoding="UTF-8"?>
<!-- Generated by org.testng.reporters.JUnitReportReporter -->
<testsuite skipped="0" hostname="LT0021232" name="com.ril.feedzai.testScript.FeedzaiAMViewTransDetail" tests="2" failures="0" timestamp="06 Aug 2018 12:30:53 GMT" time="18.887" errors="0">
  <testcase name="MarkTransactionNotFraud" time="9.487" classname="com.ril.feedzai.testScript.FeedzaiAMViewTransDetail"/>
  <testcase name="MarkAlertAsFraud" time="9.400" classname="com.ril.feedzai.testScript.FeedzaiAMViewTransDetail"/>
</testsuite> <!-- com.ril.feedzai.testScript.FeedzaiAMViewTransDetail -->
