<?xml version="1.0" encoding="UTF-8"?>
<!-- Generated by org.testng.reporters.JUnitReportReporter -->
<testsuite skipped="4" hostname="LT0021232" name="com.ril.feedzai.testScript.AM_LMW_TranDetails" tests="4" failures="0" timestamp="06 Aug 2018 12:30:53 GMT" time="0.000" errors="0">
  <testcase name="P2M_Tran_Data" time="0.000" classname="com.ril.feedzai.testScript.AM_LMW_TranDetails">
    <skipped/>
  </testcase> <!-- P2M_Tran_Data -->
  <testcase name="LMW_Instrument_details" time="0.000" classname="com.ril.feedzai.testScript.AM_LMW_TranDetails">
    <skipped/>
  </testcase> <!-- LMW_Instrument_details -->
  <testcase name="LMW_Customer_dt" time="0.000" classname="com.ril.feedzai.testScript.AM_LMW_TranDetails">
    <skipped/>
  </testcase> <!-- LMW_Customer_dt -->
  <testcase name="LMW_transaction_details" time="0.000" classname="com.ril.feedzai.testScript.AM_LMW_TranDetails">
    <skipped/>
  </testcase> <!-- LMW_transaction_details -->
</testsuite> <!-- com.ril.feedzai.testScript.AM_LMW_TranDetails -->
