<?xml version="1.0" encoding="UTF-8"?>
<!-- Generated by org.testng.reporters.JUnitReportReporter -->
<testsuite skipped="12" hostname="LT0021232" name="com.ril.feedzai.testScript.JPB_Customer_Search" tests="12" failures="0" timestamp="06 Aug 2018 12:30:53 GMT" time="0.000" errors="0">
  <testcase name="Customer_Search_CIFID" time="0.000" classname="com.ril.feedzai.testScript.JPB_Customer_Search">
    <skipped/>
  </testcase> <!-- Customer_Search_CIFID -->
  <testcase name="Customer_Details_CIFID" time="0.000" classname="com.ril.feedzai.testScript.JPB_Customer_Search">
    <skipped/>
  </testcase> <!-- Customer_Details_CIFID -->
  <testcase name="Customer_Details_Account_Number" time="0.000" classname="com.ril.feedzai.testScript.JPB_Customer_Search">
    <skipped/>
  </testcase> <!-- Customer_Details_Account_Number -->
  <testcase name="Customer_Details_Account_Details" time="0.000" classname="com.ril.feedzai.testScript.JPB_Customer_Search">
    <skipped/>
  </testcase> <!-- Customer_Details_Account_Details -->
  <testcase name="Activity_Period" time="0.000" classname="com.ril.feedzai.testScript.JPB_Customer_Search">
    <skipped/>
  </testcase> <!-- Activity_Period -->
  <testcase name="Transactions_Details" time="0.000" classname="com.ril.feedzai.testScript.JPB_Customer_Search">
    <skipped/>
  </testcase> <!-- Transactions_Details -->
  <testcase name="Fraud_Details" time="0.000" classname="com.ril.feedzai.testScript.JPB_Customer_Search">
    <skipped/>
  </testcase> <!-- Fraud_Details -->
  <testcase name="Tran_density" time="0.000" classname="com.ril.feedzai.testScript.JPB_Customer_Search">
    <skipped/>
  </testcase> <!-- Tran_density -->
  <testcase name="transaction_Statistic" time="0.000" classname="com.ril.feedzai.testScript.JPB_Customer_Search">
    <skipped/>
  </testcase> <!-- transaction_Statistic -->
  <testcase name="transaction_History" time="0.000" classname="com.ril.feedzai.testScript.JPB_Customer_Search">
    <skipped/>
  </testcase> <!-- transaction_History -->
  <testcase name="Status_Log_Details" time="0.000" classname="com.ril.feedzai.testScript.JPB_Customer_Search">
    <skipped/>
  </testcase> <!-- Status_Log_Details -->
  <testcase name="JM_Customer_Search" time="0.000" classname="com.ril.feedzai.testScript.JPB_Customer_Search">
    <skipped/>
  </testcase> <!-- JM_Customer_Search -->
</testsuite> <!-- com.ril.feedzai.testScript.JPB_Customer_Search -->
